{"timestamp":"2026-04-09T22:02:57.647559Z","level":"info","event":"DAG bundles loaded: dags-folder","logger":"airflow.dag_processing.bundles.manager.DagBundlesManager","filename":"manager.py","lineno":209}
{"timestamp":"2026-04-09T22:02:57.651206Z","level":"info","event":"Filling up the DagBag from /opt/airflow/dags/Ingest_to_Silver_Layer_Ecommerce_Data.py","logger":"airflow.dag_processing.dagbag.BundleDagBag","filename":"dagbag.py","lineno":469}
{"timestamp":"2026-04-09T22:02:57.939126Z","level":"warning","event":"The `airflow.operators.python.PythonOperator` attribute is deprecated. Please use `'airflow.providers.standard.operators.python.PythonOperator'`.","category":"UserWarning","filename":"/opt/airflow/dags/Ingest_to_Silver_Layer_Ecommerce_Data.py","lineno":2,"logger":"py.warnings"}
{"timestamp":"2026-04-09T22:02:57.987117Z","level":"info","event":"Lấy tên bài báo + link dẫn tới bài báo................................","logger":"task.stdout"}
{"timestamp":"2026-04-09T22:02:57.987807Z","level":"info","event":"Crawling Page: 1 ...........................","logger":"task.stdout"}
{"timestamp":"2026-04-09T22:02:58.180101Z","level":"warning","event":"Unverified HTTPS request is being made to host 'www.nso.gov.vn'. Adding certificate verification is strongly advised. See: https://urllib3.readthedocs.io/en/latest/advanced-usage.html#tls-warnings","category":"InsecureRequestWarning","filename":"/home/airflow/.local/lib/python3.13/site-packages/urllib3/connectionpool.py","lineno":1097,"logger":"py.warnings"}
{"timestamp":"2026-04-09T22:02:59.073949Z","level":"info","event":"Crawling Page: 2 ...........................","logger":"task.stdout"}
{"timestamp":"2026-04-09T22:02:59.186248Z","level":"warning","event":"Unverified HTTPS request is being made to host 'www.nso.gov.vn'. Adding certificate verification is strongly advised. See: https://urllib3.readthedocs.io/en/latest/advanced-usage.html#tls-warnings","category":"InsecureRequestWarning","filename":"/home/airflow/.local/lib/python3.13/site-packages/urllib3/connectionpool.py","lineno":1097,"logger":"py.warnings"}
{"timestamp":"2026-04-09T22:02:59.996991Z","level":"info","event":"vào bài báo tải file excel về ===========================================","logger":"task.stdout"}
{"timestamp":"2026-04-09T22:03:00.093772Z","level":"warning","event":"Unverified HTTPS request is being made to host 'www.nso.gov.vn'. Adding certificate verification is strongly advised. See: https://urllib3.readthedocs.io/en/latest/advanced-usage.html#tls-warnings","category":"InsecureRequestWarning","filename":"/home/airflow/.local/lib/python3.13/site-packages/urllib3/connectionpool.py","lineno":1097,"logger":"py.warnings"}
{"timestamp":"2026-04-09T22:03:01.432210Z","level":"info","event":"Bucket 'bronze' created successfully","logger":"task.stdout"}
{"timestamp":"2026-04-09T22:03:01.565123Z","level":"warning","event":"Unverified HTTPS request is being made to host 'www.nso.gov.vn'. Adding certificate verification is strongly advised. See: https://urllib3.readthedocs.io/en/latest/advanced-usage.html#tls-warnings","category":"InsecureRequestWarning","filename":"/home/airflow/.local/lib/python3.13/site-packages/urllib3/connectionpool.py","lineno":1097,"logger":"py.warnings"}
{"timestamp":"2026-04-09T22:03:01.593663Z","level":"info","event":"HAVE AN ERROR WHEN LOAD FILE TO bronze !!!!!!!!!!","logger":"task.stdout"}
{"timestamp":"2026-04-09T22:03:01.594028Z","level":"info","event":"Minio.put_object() missing 1 required positional argument: 'length'","logger":"task.stdout"}
{"timestamp":"2026-04-09T22:03:01.672256Z","level":"warning","event":"Unverified HTTPS request is being made to host 'www.nso.gov.vn'. Adding certificate verification is strongly advised. See: https://urllib3.readthedocs.io/en/latest/advanced-usage.html#tls-warnings","category":"InsecureRequestWarning","filename":"/home/airflow/.local/lib/python3.13/site-packages/urllib3/connectionpool.py","lineno":1097,"logger":"py.warnings"}
{"timestamp":"2026-04-09T22:03:02.587180Z","level":"info","event":"Bucket 'bronze' already exists","logger":"task.stdout"}
{"timestamp":"2026-04-09T22:03:02.703355Z","level":"warning","event":"Unverified HTTPS request is being made to host 'www.nso.gov.vn'. Adding certificate verification is strongly advised. See: https://urllib3.readthedocs.io/en/latest/advanced-usage.html#tls-warnings","category":"InsecureRequestWarning","filename":"/home/airflow/.local/lib/python3.13/site-packages/urllib3/connectionpool.py","lineno":1097,"logger":"py.warnings"}
{"timestamp":"2026-04-09T22:03:02.743670Z","level":"info","event":"HAVE AN ERROR WHEN LOAD FILE TO bronze !!!!!!!!!!","logger":"task.stdout"}
{"timestamp":"2026-04-09T22:03:02.744172Z","level":"info","event":"Minio.put_object() missing 1 required positional argument: 'length'","logger":"task.stdout"}
{"timestamp":"2026-04-09T22:03:02.909364Z","level":"warning","event":"Unverified HTTPS request is being made to host 'www.nso.gov.vn'. Adding certificate verification is strongly advised. See: https://urllib3.readthedocs.io/en/latest/advanced-usage.html#tls-warnings","category":"InsecureRequestWarning","filename":"/home/airflow/.local/lib/python3.13/site-packages/urllib3/connectionpool.py","lineno":1097,"logger":"py.warnings"}
{"timestamp":"2026-04-09T22:03:03.721358Z","level":"info","event":"Bucket 'bronze' already exists","logger":"task.stdout"}
{"timestamp":"2026-04-09T22:03:03.844145Z","level":"warning","event":"Unverified HTTPS request is being made to host 'www.nso.gov.vn'. Adding certificate verification is strongly advised. See: https://urllib3.readthedocs.io/en/latest/advanced-usage.html#tls-warnings","category":"InsecureRequestWarning","filename":"/home/airflow/.local/lib/python3.13/site-packages/urllib3/connectionpool.py","lineno":1097,"logger":"py.warnings"}
{"timestamp":"2026-04-09T22:03:03.886272Z","level":"info","event":"HAVE AN ERROR WHEN LOAD FILE TO bronze !!!!!!!!!!","logger":"task.stdout"}
{"timestamp":"2026-04-09T22:03:03.886882Z","level":"info","event":"Minio.put_object() missing 1 required positional argument: 'length'","logger":"task.stdout"}
{"timestamp":"2026-04-09T22:03:04.002462Z","level":"warning","event":"Unverified HTTPS request is being made to host 'www.nso.gov.vn'. Adding certificate verification is strongly advised. See: https://urllib3.readthedocs.io/en/latest/advanced-usage.html#tls-warnings","category":"InsecureRequestWarning","filename":"/home/airflow/.local/lib/python3.13/site-packages/urllib3/connectionpool.py","lineno":1097,"logger":"py.warnings"}
{"timestamp":"2026-04-09T22:03:04.975470Z","level":"info","event":"Bucket 'bronze' already exists","logger":"task.stdout"}
{"timestamp":"2026-04-09T22:03:05.099233Z","level":"warning","event":"Unverified HTTPS request is being made to host 'www.nso.gov.vn'. Adding certificate verification is strongly advised. See: https://urllib3.readthedocs.io/en/latest/advanced-usage.html#tls-warnings","category":"InsecureRequestWarning","filename":"/home/airflow/.local/lib/python3.13/site-packages/urllib3/connectionpool.py","lineno":1097,"logger":"py.warnings"}
{"timestamp":"2026-04-09T22:03:05.131398Z","level":"info","event":"HAVE AN ERROR WHEN LOAD FILE TO bronze !!!!!!!!!!","logger":"task.stdout"}
{"timestamp":"2026-04-09T22:03:05.131967Z","level":"info","event":"Minio.put_object() missing 1 required positional argument: 'length'","logger":"task.stdout"}
{"timestamp":"2026-04-09T22:03:05.294010Z","level":"warning","event":"Unverified HTTPS request is being made to host 'www.nso.gov.vn'. Adding certificate verification is strongly advised. See: https://urllib3.readthedocs.io/en/latest/advanced-usage.html#tls-warnings","category":"InsecureRequestWarning","filename":"/home/airflow/.local/lib/python3.13/site-packages/urllib3/connectionpool.py","lineno":1097,"logger":"py.warnings"}
{"timestamp":"2026-04-09T22:03:06.050372Z","level":"info","event":"Bucket 'bronze' already exists","logger":"task.stdout"}
{"timestamp":"2026-04-09T22:03:06.167072Z","level":"warning","event":"Unverified HTTPS request is being made to host 'www.nso.gov.vn'. Adding certificate verification is strongly advised. See: https://urllib3.readthedocs.io/en/latest/advanced-usage.html#tls-warnings","category":"InsecureRequestWarning","filename":"/home/airflow/.local/lib/python3.13/site-packages/urllib3/connectionpool.py","lineno":1097,"logger":"py.warnings"}
{"timestamp":"2026-04-09T22:03:06.197457Z","level":"info","event":"HAVE AN ERROR WHEN LOAD FILE TO bronze !!!!!!!!!!","logger":"task.stdout"}
{"timestamp":"2026-04-09T22:03:06.198308Z","level":"info","event":"Minio.put_object() missing 1 required positional argument: 'length'","logger":"task.stdout"}
{"timestamp":"2026-04-09T22:03:06.322272Z","level":"warning","event":"Unverified HTTPS request is being made to host 'www.nso.gov.vn'. Adding certificate verification is strongly advised. See: https://urllib3.readthedocs.io/en/latest/advanced-usage.html#tls-warnings","category":"InsecureRequestWarning","filename":"/home/airflow/.local/lib/python3.13/site-packages/urllib3/connectionpool.py","lineno":1097,"logger":"py.warnings"}
{"timestamp":"2026-04-09T22:03:07.070470Z","level":"info","event":"Bucket 'bronze' already exists","logger":"task.stdout"}
{"timestamp":"2026-04-09T22:03:07.160817Z","level":"warning","event":"Unverified HTTPS request is being made to host 'www.nso.gov.vn'. Adding certificate verification is strongly advised. See: https://urllib3.readthedocs.io/en/latest/advanced-usage.html#tls-warnings","category":"InsecureRequestWarning","filename":"/home/airflow/.local/lib/python3.13/site-packages/urllib3/connectionpool.py","lineno":1097,"logger":"py.warnings"}
{"timestamp":"2026-04-09T22:03:07.189329Z","level":"info","event":"HAVE AN ERROR WHEN LOAD FILE TO bronze !!!!!!!!!!","logger":"task.stdout"}
{"timestamp":"2026-04-09T22:03:07.189926Z","level":"info","event":"Minio.put_object() missing 1 required positional argument: 'length'","logger":"task.stdout"}
{"timestamp":"2026-04-09T22:03:07.301334Z","level":"warning","event":"Unverified HTTPS request is being made to host 'www.nso.gov.vn'. Adding certificate verification is strongly advised. See: https://urllib3.readthedocs.io/en/latest/advanced-usage.html#tls-warnings","category":"InsecureRequestWarning","filename":"/home/airflow/.local/lib/python3.13/site-packages/urllib3/connectionpool.py","lineno":1097,"logger":"py.warnings"}
{"timestamp":"2026-04-09T22:03:08.125976Z","level":"info","event":"Bucket 'bronze' already exists","logger":"task.stdout"}
{"timestamp":"2026-04-09T22:03:08.307050Z","level":"warning","event":"Unverified HTTPS request is being made to host 'www.nso.gov.vn'. Adding certificate verification is strongly advised. See: https://urllib3.readthedocs.io/en/latest/advanced-usage.html#tls-warnings","category":"InsecureRequestWarning","filename":"/home/airflow/.local/lib/python3.13/site-packages/urllib3/connectionpool.py","lineno":1097,"logger":"py.warnings"}
{"timestamp":"2026-04-09T22:03:08.336688Z","level":"info","event":"HAVE AN ERROR WHEN LOAD FILE TO bronze !!!!!!!!!!","logger":"task.stdout"}
{"timestamp":"2026-04-09T22:03:08.337448Z","level":"info","event":"Minio.put_object() missing 1 required positional argument: 'length'","logger":"task.stdout"}
{"timestamp":"2026-04-09T22:03:08.434329Z","level":"warning","event":"Unverified HTTPS request is being made to host 'www.nso.gov.vn'. Adding certificate verification is strongly advised. See: https://urllib3.readthedocs.io/en/latest/advanced-usage.html#tls-warnings","category":"InsecureRequestWarning","filename":"/home/airflow/.local/lib/python3.13/site-packages/urllib3/connectionpool.py","lineno":1097,"logger":"py.warnings"}
{"timestamp":"2026-04-09T22:03:09.194147Z","level":"info","event":"Bucket 'bronze' already exists","logger":"task.stdout"}
{"timestamp":"2026-04-09T22:03:09.285049Z","level":"warning","event":"Unverified HTTPS request is being made to host 'www.nso.gov.vn'. Adding certificate verification is strongly advised. See: https://urllib3.readthedocs.io/en/latest/advanced-usage.html#tls-warnings","category":"InsecureRequestWarning","filename":"/home/airflow/.local/lib/python3.13/site-packages/urllib3/connectionpool.py","lineno":1097,"logger":"py.warnings"}
{"timestamp":"2026-04-09T22:03:09.328403Z","level":"info","event":"HAVE AN ERROR WHEN LOAD FILE TO bronze !!!!!!!!!!","logger":"task.stdout"}
{"timestamp":"2026-04-09T22:03:09.329422Z","level":"info","event":"Minio.put_object() missing 1 required positional argument: 'length'","logger":"task.stdout"}
{"timestamp":"2026-04-09T22:03:09.417216Z","level":"warning","event":"Unverified HTTPS request is being made to host 'www.nso.gov.vn'. Adding certificate verification is strongly advised. See: https://urllib3.readthedocs.io/en/latest/advanced-usage.html#tls-warnings","category":"InsecureRequestWarning","filename":"/home/airflow/.local/lib/python3.13/site-packages/urllib3/connectionpool.py","lineno":1097,"logger":"py.warnings"}
{"timestamp":"2026-04-09T22:03:10.388680Z","level":"info","event":"Bucket 'bronze' already exists","logger":"task.stdout"}
{"timestamp":"2026-04-09T22:03:10.479831Z","level":"warning","event":"Unverified HTTPS request is being made to host 'www.nso.gov.vn'. Adding certificate verification is strongly advised. See: https://urllib3.readthedocs.io/en/latest/advanced-usage.html#tls-warnings","category":"InsecureRequestWarning","filename":"/home/airflow/.local/lib/python3.13/site-packages/urllib3/connectionpool.py","lineno":1097,"logger":"py.warnings"}
{"timestamp":"2026-04-09T22:03:10.518285Z","level":"info","event":"HAVE AN ERROR WHEN LOAD FILE TO bronze !!!!!!!!!!","logger":"task.stdout"}
{"timestamp":"2026-04-09T22:03:10.518761Z","level":"info","event":"Minio.put_object() missing 1 required positional argument: 'length'","logger":"task.stdout"}
{"timestamp":"2026-04-09T22:03:10.611503Z","level":"warning","event":"Unverified HTTPS request is being made to host 'www.nso.gov.vn'. Adding certificate verification is strongly advised. See: https://urllib3.readthedocs.io/en/latest/advanced-usage.html#tls-warnings","category":"InsecureRequestWarning","filename":"/home/airflow/.local/lib/python3.13/site-packages/urllib3/connectionpool.py","lineno":1097,"logger":"py.warnings"}
{"timestamp":"2026-04-09T22:03:11.453744Z","level":"info","event":"Bucket 'bronze' already exists","logger":"task.stdout"}
{"timestamp":"2026-04-09T22:03:11.534772Z","level":"warning","event":"Unverified HTTPS request is being made to host 'www.nso.gov.vn'. Adding certificate verification is strongly advised. See: https://urllib3.readthedocs.io/en/latest/advanced-usage.html#tls-warnings","category":"InsecureRequestWarning","filename":"/home/airflow/.local/lib/python3.13/site-packages/urllib3/connectionpool.py","lineno":1097,"logger":"py.warnings"}
{"timestamp":"2026-04-09T22:03:11.563776Z","level":"info","event":"HAVE AN ERROR WHEN LOAD FILE TO bronze !!!!!!!!!!","logger":"task.stdout"}
{"timestamp":"2026-04-09T22:03:11.564571Z","level":"info","event":"Minio.put_object() missing 1 required positional argument: 'length'","logger":"task.stdout"}
{"timestamp":"2026-04-09T22:03:11.649090Z","level":"warning","event":"Unverified HTTPS request is being made to host 'www.nso.gov.vn'. Adding certificate verification is strongly advised. See: https://urllib3.readthedocs.io/en/latest/advanced-usage.html#tls-warnings","category":"InsecureRequestWarning","filename":"/home/airflow/.local/lib/python3.13/site-packages/urllib3/connectionpool.py","lineno":1097,"logger":"py.warnings"}
{"timestamp":"2026-04-09T22:03:12.438881Z","level":"info","event":"Bucket 'bronze' already exists","logger":"task.stdout"}
{"timestamp":"2026-04-09T22:03:12.603268Z","level":"warning","event":"Unverified HTTPS request is being made to host 'www.nso.gov.vn'. Adding certificate verification is strongly advised. See: https://urllib3.readthedocs.io/en/latest/advanced-usage.html#tls-warnings","category":"InsecureRequestWarning","filename":"/home/airflow/.local/lib/python3.13/site-packages/urllib3/connectionpool.py","lineno":1097,"logger":"py.warnings"}
{"timestamp":"2026-04-09T22:03:12.632784Z","level":"info","event":"HAVE AN ERROR WHEN LOAD FILE TO bronze !!!!!!!!!!","logger":"task.stdout"}
{"timestamp":"2026-04-09T22:03:12.633181Z","level":"info","event":"Minio.put_object() missing 1 required positional argument: 'length'","logger":"task.stdout"}
{"timestamp":"2026-04-09T22:03:12.727699Z","level":"warning","event":"Unverified HTTPS request is being made to host 'www.nso.gov.vn'. Adding certificate verification is strongly advised. See: https://urllib3.readthedocs.io/en/latest/advanced-usage.html#tls-warnings","category":"InsecureRequestWarning","filename":"/home/airflow/.local/lib/python3.13/site-packages/urllib3/connectionpool.py","lineno":1097,"logger":"py.warnings"}
{"timestamp":"2026-04-09T22:03:13.472662Z","level":"info","event":"Bucket 'bronze' already exists","logger":"task.stdout"}
{"timestamp":"2026-04-09T22:03:13.646418Z","level":"warning","event":"Unverified HTTPS request is being made to host 'www.nso.gov.vn'. Adding certificate verification is strongly advised. See: https://urllib3.readthedocs.io/en/latest/advanced-usage.html#tls-warnings","category":"InsecureRequestWarning","filename":"/home/airflow/.local/lib/python3.13/site-packages/urllib3/connectionpool.py","lineno":1097,"logger":"py.warnings"}
{"timestamp":"2026-04-09T22:03:13.724454Z","level":"info","event":"HAVE AN ERROR WHEN LOAD FILE TO bronze !!!!!!!!!!","logger":"task.stdout"}
{"timestamp":"2026-04-09T22:03:13.724851Z","level":"info","event":"Minio.put_object() missing 1 required positional argument: 'length'","logger":"task.stdout"}
{"timestamp":"2026-04-09T22:03:13.823734Z","level":"warning","event":"Unverified HTTPS request is being made to host 'www.nso.gov.vn'. Adding certificate verification is strongly advised. See: https://urllib3.readthedocs.io/en/latest/advanced-usage.html#tls-warnings","category":"InsecureRequestWarning","filename":"/home/airflow/.local/lib/python3.13/site-packages/urllib3/connectionpool.py","lineno":1097,"logger":"py.warnings"}
{"timestamp":"2026-04-09T22:03:14.588095Z","level":"info","event":"Bucket 'bronze' already exists","logger":"task.stdout"}
{"timestamp":"2026-04-09T22:03:14.698768Z","level":"warning","event":"Unverified HTTPS request is being made to host 'www.nso.gov.vn'. Adding certificate verification is strongly advised. See: https://urllib3.readthedocs.io/en/latest/advanced-usage.html#tls-warnings","category":"InsecureRequestWarning","filename":"/home/airflow/.local/lib/python3.13/site-packages/urllib3/connectionpool.py","lineno":1097,"logger":"py.warnings"}
{"timestamp":"2026-04-09T22:03:14.740698Z","level":"info","event":"HAVE AN ERROR WHEN LOAD FILE TO bronze !!!!!!!!!!","logger":"task.stdout"}
{"timestamp":"2026-04-09T22:03:14.741174Z","level":"info","event":"Minio.put_object() missing 1 required positional argument: 'length'","logger":"task.stdout"}
{"timestamp":"2026-04-09T22:03:14.860493Z","level":"warning","event":"Unverified HTTPS request is being made to host 'www.nso.gov.vn'. Adding certificate verification is strongly advised. See: https://urllib3.readthedocs.io/en/latest/advanced-usage.html#tls-warnings","category":"InsecureRequestWarning","filename":"/home/airflow/.local/lib/python3.13/site-packages/urllib3/connectionpool.py","lineno":1097,"logger":"py.warnings"}
{"timestamp":"2026-04-09T22:03:15.624099Z","level":"info","event":"Bucket 'bronze' already exists","logger":"task.stdout"}
{"timestamp":"2026-04-09T22:03:15.733982Z","level":"warning","event":"Unverified HTTPS request is being made to host 'www.nso.gov.vn'. Adding certificate verification is strongly advised. See: https://urllib3.readthedocs.io/en/latest/advanced-usage.html#tls-warnings","category":"InsecureRequestWarning","filename":"/home/airflow/.local/lib/python3.13/site-packages/urllib3/connectionpool.py","lineno":1097,"logger":"py.warnings"}
{"timestamp":"2026-04-09T22:03:15.767599Z","level":"info","event":"HAVE AN ERROR WHEN LOAD FILE TO bronze !!!!!!!!!!","logger":"task.stdout"}
{"timestamp":"2026-04-09T22:03:15.768234Z","level":"info","event":"Minio.put_object() missing 1 required positional argument: 'length'","logger":"task.stdout"}
{"timestamp":"2026-04-09T22:03:15.875072Z","level":"warning","event":"Unverified HTTPS request is being made to host 'www.nso.gov.vn'. Adding certificate verification is strongly advised. See: https://urllib3.readthedocs.io/en/latest/advanced-usage.html#tls-warnings","category":"InsecureRequestWarning","filename":"/home/airflow/.local/lib/python3.13/site-packages/urllib3/connectionpool.py","lineno":1097,"logger":"py.warnings"}
{"timestamp":"2026-04-09T22:03:16.611496Z","level":"info","event":"Bucket 'bronze' already exists","logger":"task.stdout"}
{"timestamp":"2026-04-09T22:03:16.712326Z","level":"warning","event":"Unverified HTTPS request is being made to host 'www.nso.gov.vn'. Adding certificate verification is strongly advised. See: https://urllib3.readthedocs.io/en/latest/advanced-usage.html#tls-warnings","category":"InsecureRequestWarning","filename":"/home/airflow/.local/lib/python3.13/site-packages/urllib3/connectionpool.py","lineno":1097,"logger":"py.warnings"}
{"timestamp":"2026-04-09T22:03:16.745386Z","level":"info","event":"HAVE AN ERROR WHEN LOAD FILE TO bronze !!!!!!!!!!","logger":"task.stdout"}
{"timestamp":"2026-04-09T22:03:16.745726Z","level":"info","event":"Minio.put_object() missing 1 required positional argument: 'length'","logger":"task.stdout"}
{"timestamp":"2026-04-09T22:03:16.747289Z","level":"info","event":"Done. Returned value was: None","logger":"airflow.task.operators.airflow.providers.standard.operators.python.PythonOperator","filename":"python.py","lineno":229}
