{"timestamp":"2026-04-09T22:09:24.417523Z","level":"info","event":"DAG bundles loaded: dags-folder","logger":"airflow.dag_processing.bundles.manager.DagBundlesManager","filename":"manager.py","lineno":209}
{"timestamp":"2026-04-09T22:09:24.419623Z","level":"info","event":"Filling up the DagBag from /opt/airflow/dags/Ingest_to_Silver_Layer_Ecommerce_Data.py","logger":"airflow.dag_processing.dagbag.BundleDagBag","filename":"dagbag.py","lineno":469}
{"timestamp":"2026-04-09T22:09:24.639908Z","level":"warning","event":"The `airflow.operators.python.PythonOperator` attribute is deprecated. Please use `'airflow.providers.standard.operators.python.PythonOperator'`.","category":"UserWarning","filename":"/opt/airflow/dags/Ingest_to_Silver_Layer_Ecommerce_Data.py","lineno":2,"logger":"py.warnings"}
{"timestamp":"2026-04-09T22:09:24.659471Z","level":"info","event":"Lấy tên bài báo + link dẫn tới bài báo................................","logger":"task.stdout"}
{"timestamp":"2026-04-09T22:09:24.659938Z","level":"info","event":"Crawling Page: 1 ...........................","logger":"task.stdout"}
{"timestamp":"2026-04-09T22:09:24.863393Z","level":"warning","event":"Unverified HTTPS request is being made to host 'www.nso.gov.vn'. Adding certificate verification is strongly advised. See: https://urllib3.readthedocs.io/en/latest/advanced-usage.html#tls-warnings","category":"InsecureRequestWarning","filename":"/home/airflow/.local/lib/python3.13/site-packages/urllib3/connectionpool.py","lineno":1097,"logger":"py.warnings"}
{"timestamp":"2026-04-09T22:09:25.759065Z","level":"info","event":"Crawling Page: 2 ...........................","logger":"task.stdout"}
{"timestamp":"2026-04-09T22:09:25.848932Z","level":"warning","event":"Unverified HTTPS request is being made to host 'www.nso.gov.vn'. Adding certificate verification is strongly advised. See: https://urllib3.readthedocs.io/en/latest/advanced-usage.html#tls-warnings","category":"InsecureRequestWarning","filename":"/home/airflow/.local/lib/python3.13/site-packages/urllib3/connectionpool.py","lineno":1097,"logger":"py.warnings"}
{"timestamp":"2026-04-09T22:09:26.691889Z","level":"info","event":"vào bài báo tải file excel về ===========================================","logger":"task.stdout"}
{"timestamp":"2026-04-09T22:09:26.692901Z","level":"info","event":"báo cáo tình hình kinh tế - xã hội quý i năm 2026","logger":"task.stdout"}
{"timestamp":"2026-04-09T22:09:26.784086Z","level":"warning","event":"Unverified HTTPS request is being made to host 'www.nso.gov.vn'. Adding certificate verification is strongly advised. See: https://urllib3.readthedocs.io/en/latest/advanced-usage.html#tls-warnings","category":"InsecureRequestWarning","filename":"/home/airflow/.local/lib/python3.13/site-packages/urllib3/connectionpool.py","lineno":1097,"logger":"py.warnings"}
{"timestamp":"2026-04-09T22:09:27.598063Z","level":"info","event":"Bucket 'bronze' already exists","logger":"task.stdout"}
{"timestamp":"2026-04-09T22:09:27.688099Z","level":"warning","event":"Unverified HTTPS request is being made to host 'www.nso.gov.vn'. Adding certificate verification is strongly advised. See: https://urllib3.readthedocs.io/en/latest/advanced-usage.html#tls-warnings","category":"InsecureRequestWarning","filename":"/home/airflow/.local/lib/python3.13/site-packages/urllib3/connectionpool.py","lineno":1097,"logger":"py.warnings"}
{"timestamp":"2026-04-09T22:09:28.060070Z","level":"info","event":"báo cáo tình hình kinh tế - xã hội tháng hai năm 2026","logger":"task.stdout"}
{"timestamp":"2026-04-09T22:09:28.151416Z","level":"warning","event":"Unverified HTTPS request is being made to host 'www.nso.gov.vn'. Adding certificate verification is strongly advised. See: https://urllib3.readthedocs.io/en/latest/advanced-usage.html#tls-warnings","category":"InsecureRequestWarning","filename":"/home/airflow/.local/lib/python3.13/site-packages/urllib3/connectionpool.py","lineno":1097,"logger":"py.warnings"}
{"timestamp":"2026-04-09T22:09:28.972516Z","level":"info","event":"Bucket 'bronze' already exists","logger":"task.stdout"}
{"timestamp":"2026-04-09T22:09:29.059634Z","level":"warning","event":"Unverified HTTPS request is being made to host 'www.nso.gov.vn'. Adding certificate verification is strongly advised. See: https://urllib3.readthedocs.io/en/latest/advanced-usage.html#tls-warnings","category":"InsecureRequestWarning","filename":"/home/airflow/.local/lib/python3.13/site-packages/urllib3/connectionpool.py","lineno":1097,"logger":"py.warnings"}
{"timestamp":"2026-04-09T22:09:29.363864Z","level":"info","event":"báo cáo tình hình kinh tế - xã hội tháng một năm 2026","logger":"task.stdout"}
{"timestamp":"2026-04-09T22:09:29.469837Z","level":"warning","event":"Unverified HTTPS request is being made to host 'www.nso.gov.vn'. Adding certificate verification is strongly advised. See: https://urllib3.readthedocs.io/en/latest/advanced-usage.html#tls-warnings","category":"InsecureRequestWarning","filename":"/home/airflow/.local/lib/python3.13/site-packages/urllib3/connectionpool.py","lineno":1097,"logger":"py.warnings"}
{"timestamp":"2026-04-09T22:09:30.286453Z","level":"info","event":"Bucket 'bronze' already exists","logger":"task.stdout"}
{"timestamp":"2026-04-09T22:09:30.460947Z","level":"warning","event":"Unverified HTTPS request is being made to host 'www.nso.gov.vn'. Adding certificate verification is strongly advised. See: https://urllib3.readthedocs.io/en/latest/advanced-usage.html#tls-warnings","category":"InsecureRequestWarning","filename":"/home/airflow/.local/lib/python3.13/site-packages/urllib3/connectionpool.py","lineno":1097,"logger":"py.warnings"}
{"timestamp":"2026-04-09T22:09:30.776831Z","level":"info","event":"báo cáo tình hình kinh tế - xã hội quý iv và năm 2025","logger":"task.stdout"}
{"timestamp":"2026-04-09T22:09:30.901219Z","level":"warning","event":"Unverified HTTPS request is being made to host 'www.nso.gov.vn'. Adding certificate verification is strongly advised. See: https://urllib3.readthedocs.io/en/latest/advanced-usage.html#tls-warnings","category":"InsecureRequestWarning","filename":"/home/airflow/.local/lib/python3.13/site-packages/urllib3/connectionpool.py","lineno":1097,"logger":"py.warnings"}
{"timestamp":"2026-04-09T22:09:31.734216Z","level":"info","event":"Bucket 'bronze' already exists","logger":"task.stdout"}
{"timestamp":"2026-04-09T22:09:31.834815Z","level":"warning","event":"Unverified HTTPS request is being made to host 'www.nso.gov.vn'. Adding certificate verification is strongly advised. See: https://urllib3.readthedocs.io/en/latest/advanced-usage.html#tls-warnings","category":"InsecureRequestWarning","filename":"/home/airflow/.local/lib/python3.13/site-packages/urllib3/connectionpool.py","lineno":1097,"logger":"py.warnings"}
{"timestamp":"2026-04-09T22:09:32.258557Z","level":"info","event":"báo cáo tình hình kinh tế - xã hội tháng mười một và 11 tháng năm 2025","logger":"task.stdout"}
{"timestamp":"2026-04-09T22:09:32.374824Z","level":"warning","event":"Unverified HTTPS request is being made to host 'www.nso.gov.vn'. Adding certificate verification is strongly advised. See: https://urllib3.readthedocs.io/en/latest/advanced-usage.html#tls-warnings","category":"InsecureRequestWarning","filename":"/home/airflow/.local/lib/python3.13/site-packages/urllib3/connectionpool.py","lineno":1097,"logger":"py.warnings"}
{"timestamp":"2026-04-09T22:09:33.176958Z","level":"info","event":"Bucket 'bronze' already exists","logger":"task.stdout"}
{"timestamp":"2026-04-09T22:09:33.256969Z","level":"warning","event":"Unverified HTTPS request is being made to host 'www.nso.gov.vn'. Adding certificate verification is strongly advised. See: https://urllib3.readthedocs.io/en/latest/advanced-usage.html#tls-warnings","category":"InsecureRequestWarning","filename":"/home/airflow/.local/lib/python3.13/site-packages/urllib3/connectionpool.py","lineno":1097,"logger":"py.warnings"}
{"timestamp":"2026-04-09T22:09:33.600028Z","level":"info","event":"báo cáo tình hình kinh tế - xã hội tháng mười và 10 tháng năm 2025","logger":"task.stdout"}
{"timestamp":"2026-04-09T22:09:33.683042Z","level":"warning","event":"Unverified HTTPS request is being made to host 'www.nso.gov.vn'. Adding certificate verification is strongly advised. See: https://urllib3.readthedocs.io/en/latest/advanced-usage.html#tls-warnings","category":"InsecureRequestWarning","filename":"/home/airflow/.local/lib/python3.13/site-packages/urllib3/connectionpool.py","lineno":1097,"logger":"py.warnings"}
{"timestamp":"2026-04-09T22:09:34.473728Z","level":"info","event":"Bucket 'bronze' already exists","logger":"task.stdout"}
{"timestamp":"2026-04-09T22:09:34.558081Z","level":"warning","event":"Unverified HTTPS request is being made to host 'www.nso.gov.vn'. Adding certificate verification is strongly advised. See: https://urllib3.readthedocs.io/en/latest/advanced-usage.html#tls-warnings","category":"InsecureRequestWarning","filename":"/home/airflow/.local/lib/python3.13/site-packages/urllib3/connectionpool.py","lineno":1097,"logger":"py.warnings"}
{"timestamp":"2026-04-09T22:09:34.863943Z","level":"info","event":"báo cáo tình hình kinh tế - xã hội quý iii và 9 tháng năm 2025","logger":"task.stdout"}
{"timestamp":"2026-04-09T22:09:35.072196Z","level":"warning","event":"Unverified HTTPS request is being made to host 'www.nso.gov.vn'. Adding certificate verification is strongly advised. See: https://urllib3.readthedocs.io/en/latest/advanced-usage.html#tls-warnings","category":"InsecureRequestWarning","filename":"/home/airflow/.local/lib/python3.13/site-packages/urllib3/connectionpool.py","lineno":1097,"logger":"py.warnings"}
{"timestamp":"2026-04-09T22:09:35.873263Z","level":"info","event":"Bucket 'bronze' already exists","logger":"task.stdout"}
{"timestamp":"2026-04-09T22:09:35.973625Z","level":"warning","event":"Unverified HTTPS request is being made to host 'www.nso.gov.vn'. Adding certificate verification is strongly advised. See: https://urllib3.readthedocs.io/en/latest/advanced-usage.html#tls-warnings","category":"InsecureRequestWarning","filename":"/home/airflow/.local/lib/python3.13/site-packages/urllib3/connectionpool.py","lineno":1097,"logger":"py.warnings"}
{"timestamp":"2026-04-09T22:09:36.344547Z","level":"info","event":"báo cáo tình hình kinh tế - xã hội tháng tám và 8 tháng năm 2025","logger":"task.stdout"}
{"timestamp":"2026-04-09T22:09:36.475887Z","level":"warning","event":"Unverified HTTPS request is being made to host 'www.nso.gov.vn'. Adding certificate verification is strongly advised. See: https://urllib3.readthedocs.io/en/latest/advanced-usage.html#tls-warnings","category":"InsecureRequestWarning","filename":"/home/airflow/.local/lib/python3.13/site-packages/urllib3/connectionpool.py","lineno":1097,"logger":"py.warnings"}
{"timestamp":"2026-04-09T22:09:37.270644Z","level":"info","event":"Bucket 'bronze' already exists","logger":"task.stdout"}
{"timestamp":"2026-04-09T22:09:37.364359Z","level":"warning","event":"Unverified HTTPS request is being made to host 'www.nso.gov.vn'. Adding certificate verification is strongly advised. See: https://urllib3.readthedocs.io/en/latest/advanced-usage.html#tls-warnings","category":"InsecureRequestWarning","filename":"/home/airflow/.local/lib/python3.13/site-packages/urllib3/connectionpool.py","lineno":1097,"logger":"py.warnings"}
{"timestamp":"2026-04-09T22:09:37.703489Z","level":"info","event":"báo cáo tình hình kinh tế - xã hội tháng bảy và 7 tháng năm 2025","logger":"task.stdout"}
{"timestamp":"2026-04-09T22:09:37.814762Z","level":"warning","event":"Unverified HTTPS request is being made to host 'www.nso.gov.vn'. Adding certificate verification is strongly advised. See: https://urllib3.readthedocs.io/en/latest/advanced-usage.html#tls-warnings","category":"InsecureRequestWarning","filename":"/home/airflow/.local/lib/python3.13/site-packages/urllib3/connectionpool.py","lineno":1097,"logger":"py.warnings"}
{"timestamp":"2026-04-09T22:09:38.705995Z","level":"info","event":"Bucket 'bronze' already exists","logger":"task.stdout"}
{"timestamp":"2026-04-09T22:09:38.784405Z","level":"warning","event":"Unverified HTTPS request is being made to host 'www.nso.gov.vn'. Adding certificate verification is strongly advised. See: https://urllib3.readthedocs.io/en/latest/advanced-usage.html#tls-warnings","category":"InsecureRequestWarning","filename":"/home/airflow/.local/lib/python3.13/site-packages/urllib3/connectionpool.py","lineno":1097,"logger":"py.warnings"}
{"timestamp":"2026-04-09T22:09:39.073274Z","level":"info","event":"báo cáo tình hình kinh tế – xã hội quý ii và 6 tháng đầu năm 2025","logger":"task.stdout"}
{"timestamp":"2026-04-09T22:09:39.171714Z","level":"warning","event":"Unverified HTTPS request is being made to host 'www.nso.gov.vn'. Adding certificate verification is strongly advised. See: https://urllib3.readthedocs.io/en/latest/advanced-usage.html#tls-warnings","category":"InsecureRequestWarning","filename":"/home/airflow/.local/lib/python3.13/site-packages/urllib3/connectionpool.py","lineno":1097,"logger":"py.warnings"}
{"timestamp":"2026-04-09T22:09:40.211309Z","level":"info","event":"Bucket 'bronze' already exists","logger":"task.stdout"}
{"timestamp":"2026-04-09T22:09:40.465210Z","level":"warning","event":"Unverified HTTPS request is being made to host 'www.nso.gov.vn'. Adding certificate verification is strongly advised. See: https://urllib3.readthedocs.io/en/latest/advanced-usage.html#tls-warnings","category":"InsecureRequestWarning","filename":"/home/airflow/.local/lib/python3.13/site-packages/urllib3/connectionpool.py","lineno":1097,"logger":"py.warnings"}
{"timestamp":"2026-04-09T22:09:40.886627Z","level":"info","event":"báo cáo tình hình kinh tế - xã hội tháng năm và 5 tháng đầu năm 2025","logger":"task.stdout"}
{"timestamp":"2026-04-09T22:09:40.998929Z","level":"warning","event":"Unverified HTTPS request is being made to host 'www.nso.gov.vn'. Adding certificate verification is strongly advised. See: https://urllib3.readthedocs.io/en/latest/advanced-usage.html#tls-warnings","category":"InsecureRequestWarning","filename":"/home/airflow/.local/lib/python3.13/site-packages/urllib3/connectionpool.py","lineno":1097,"logger":"py.warnings"}
{"timestamp":"2026-04-09T22:09:41.939916Z","level":"info","event":"Bucket 'bronze' already exists","logger":"task.stdout"}
{"timestamp":"2026-04-09T22:09:42.026240Z","level":"warning","event":"Unverified HTTPS request is being made to host 'www.nso.gov.vn'. Adding certificate verification is strongly advised. See: https://urllib3.readthedocs.io/en/latest/advanced-usage.html#tls-warnings","category":"InsecureRequestWarning","filename":"/home/airflow/.local/lib/python3.13/site-packages/urllib3/connectionpool.py","lineno":1097,"logger":"py.warnings"}
{"timestamp":"2026-04-09T22:09:42.522750Z","level":"info","event":"báo cáo tình hình kinh tế - xã hội tháng tư và 4 tháng đầu năm 2025","logger":"task.stdout"}
{"timestamp":"2026-04-09T22:09:42.640480Z","level":"warning","event":"Unverified HTTPS request is being made to host 'www.nso.gov.vn'. Adding certificate verification is strongly advised. See: https://urllib3.readthedocs.io/en/latest/advanced-usage.html#tls-warnings","category":"InsecureRequestWarning","filename":"/home/airflow/.local/lib/python3.13/site-packages/urllib3/connectionpool.py","lineno":1097,"logger":"py.warnings"}
{"timestamp":"2026-04-09T22:09:43.514409Z","level":"info","event":"Bucket 'bronze' already exists","logger":"task.stdout"}
{"timestamp":"2026-04-09T22:09:43.597488Z","level":"warning","event":"Unverified HTTPS request is being made to host 'www.nso.gov.vn'. Adding certificate verification is strongly advised. See: https://urllib3.readthedocs.io/en/latest/advanced-usage.html#tls-warnings","category":"InsecureRequestWarning","filename":"/home/airflow/.local/lib/python3.13/site-packages/urllib3/connectionpool.py","lineno":1097,"logger":"py.warnings"}
{"timestamp":"2026-04-09T22:09:43.958341Z","level":"info","event":"báo cáo tình hình kinh tế - xã hội quý i năm 2025","logger":"task.stdout"}
{"timestamp":"2026-04-09T22:09:44.073327Z","level":"warning","event":"Unverified HTTPS request is being made to host 'www.nso.gov.vn'. Adding certificate verification is strongly advised. See: https://urllib3.readthedocs.io/en/latest/advanced-usage.html#tls-warnings","category":"InsecureRequestWarning","filename":"/home/airflow/.local/lib/python3.13/site-packages/urllib3/connectionpool.py","lineno":1097,"logger":"py.warnings"}
{"timestamp":"2026-04-09T22:09:44.980101Z","level":"info","event":"Bucket 'bronze' already exists","logger":"task.stdout"}
{"timestamp":"2026-04-09T22:09:45.101953Z","level":"warning","event":"Unverified HTTPS request is being made to host 'www.nso.gov.vn'. Adding certificate verification is strongly advised. See: https://urllib3.readthedocs.io/en/latest/advanced-usage.html#tls-warnings","category":"InsecureRequestWarning","filename":"/home/airflow/.local/lib/python3.13/site-packages/urllib3/connectionpool.py","lineno":1097,"logger":"py.warnings"}
{"timestamp":"2026-04-09T22:09:45.410346Z","level":"info","event":"báo cáo tình hình kinh tế - xã hội tháng hai và 02 tháng đầu năm 2025","logger":"task.stdout"}
{"timestamp":"2026-04-09T22:09:45.512298Z","level":"warning","event":"Unverified HTTPS request is being made to host 'www.nso.gov.vn'. Adding certificate verification is strongly advised. See: https://urllib3.readthedocs.io/en/latest/advanced-usage.html#tls-warnings","category":"InsecureRequestWarning","filename":"/home/airflow/.local/lib/python3.13/site-packages/urllib3/connectionpool.py","lineno":1097,"logger":"py.warnings"}
{"timestamp":"2026-04-09T22:09:46.283141Z","level":"info","event":"Bucket 'bronze' already exists","logger":"task.stdout"}
{"timestamp":"2026-04-09T22:09:46.372663Z","level":"warning","event":"Unverified HTTPS request is being made to host 'www.nso.gov.vn'. Adding certificate verification is strongly advised. See: https://urllib3.readthedocs.io/en/latest/advanced-usage.html#tls-warnings","category":"InsecureRequestWarning","filename":"/home/airflow/.local/lib/python3.13/site-packages/urllib3/connectionpool.py","lineno":1097,"logger":"py.warnings"}
{"timestamp":"2026-04-09T22:09:46.550269Z","level":"info","event":"báo cáo tình hình kinh tế - xã hội tháng một năm 2025","logger":"task.stdout"}
{"timestamp":"2026-04-09T22:09:46.742744Z","level":"warning","event":"Unverified HTTPS request is being made to host 'www.nso.gov.vn'. Adding certificate verification is strongly advised. See: https://urllib3.readthedocs.io/en/latest/advanced-usage.html#tls-warnings","category":"InsecureRequestWarning","filename":"/home/airflow/.local/lib/python3.13/site-packages/urllib3/connectionpool.py","lineno":1097,"logger":"py.warnings"}
{"timestamp":"2026-04-09T22:09:47.691311Z","level":"info","event":"Bucket 'bronze' already exists","logger":"task.stdout"}
{"timestamp":"2026-04-09T22:09:47.774984Z","level":"warning","event":"Unverified HTTPS request is being made to host 'www.nso.gov.vn'. Adding certificate verification is strongly advised. See: https://urllib3.readthedocs.io/en/latest/advanced-usage.html#tls-warnings","category":"InsecureRequestWarning","filename":"/home/airflow/.local/lib/python3.13/site-packages/urllib3/connectionpool.py","lineno":1097,"logger":"py.warnings"}
{"timestamp":"2026-04-09T22:09:48.002751Z","level":"info","event":"Done. Returned value was: None","logger":"airflow.task.operators.airflow.providers.standard.operators.python.PythonOperator","filename":"python.py","lineno":229}
